> Task :app:preBuild UP-TO-DATE
> Task :app:preDebugBuild UP-TO-DATE
> Task :app:mergeDebugNativeDebugMetadata NO-SOURCE
> Task :app:checkKotlinGradlePluginConfigurationErrors
> Task :app:dataBindingMergeDependencyArtifactsDebug UP-TO-DATE
> Task :app:generateDebugResValues UP-TO-DATE
> Task :app:generateDebugResources UP-TO-DATE
> Task :app:processDebugGoogleServices UP-TO-DATE
> Task :app:mergeDebugResources UP-TO-DATE
> Task :app:packageDebugResources UP-TO-DATE
> Task :app:parseDebugLocalResources UP-TO-DATE
> Task :app:dataBindingGenBaseClassesDebug UP-TO-DATE
> Task :app:checkDebugAarMetadata UP-TO-DATE
> Task :app:mapDebugSourceSetPaths UP-TO-DATE
> Task :app:createDebugCompatibleScreenManifests UP-TO-DATE
> Task :app:extractDeepLinksDebug UP-TO-DATE
> Task :app:processDebugMainManifest UP-TO-DATE
> Task :app:processDebugManifest UP-TO-DATE
> Task :app:processDebugManifestForPackage UP-TO-DATE
> Task :app:processDebugResources UP-TO-DATE
> Task :app:javaPreCompileDebug UP-TO-DATE
> Task :app:mergeDebugShaders UP-TO-DATE
> Task :app:compileDebugShaders NO-SOURCE
> Task :app:generateDebugAssets UP-TO-DATE
> Task :app:mergeDebugAssets UP-TO-DATE
> Task :app:compressDebugAssets UP-TO-DATE
> Task :app:desugarDebugFileDependencies UP-TO-DATE
> Task :app:checkDebugDuplicateClasses UP-TO-DATE
> Task :app:mergeDebugStartupProfile UP-TO-DATE
> Task :app:mergeExtDexDebug UP-TO-DATE
> Task :app:mergeLibDexDebug UP-TO-DATE
> Task :app:mergeDebugJniLibFolders UP-TO-DATE
> Task :app:mergeDebugNativeLibs NO-SOURCE
> Task :app:stripDebugDebugSymbols NO-SOURCE
> Task :app:validateSigningDebug UP-TO-DATE
> Task :app:writeDebugAppMetadata UP-TO-DATE
> Task :app:writeDebugSigningConfigVersions UP-TO-DATE

> Task :app:compileDebugKotlin FAILED
./gradlew : e: file:///
C:/Users/HP/Documents/a
kiriapp/app/src/main/ja
va/com/example/akiriapp
/adapter/LessonAdapter.
kt:35:21 Unresolved 
reference: 
tvLessonTitle
Au caractère Ligne:1 : 
1
+ ./gradlew 
assembleDebug > 
build_output.txt 2>&1
+ ~~~~~~~~~~~~~~~~~~~~~
~~~~~~~~~~~~~~~~~~~~~~~
~~~
    + CategoryInfo     
         : NotSpecifi  
  ed: (e: file:///C:   
 /U...: tvLessonTit    
le:String) [], Rem    
oteException
    + FullyQualifiedEr 
   rorId : NativeComm  
  andError
 
e: file:///C:/Users/HP/
Documents/akiriapp/app/
src/main/java/com/examp
le/akiriapp/adapter/Les
sonAdapter.kt:35:35 
Variable expected
e: file:///C:/Users/HP/
Documents/akiriapp/app/
src/main/java/com/examp
le/akiriapp/adapter/Les
sonAdapter.kt:36:21 
Unresolved reference: 
tvLessonDuration
e: file:///C:/Users/HP/
Documents/akiriapp/app/
src/main/java/com/examp
le/akiriapp/adapter/Les
sonAdapter.kt:36:38 
Variable expected
e: file:///C:/Users/HP/
Documents/akiriapp/app/
src/main/java/com/examp
le/akiriapp/onboarding/
OnboardingActivity.kt:1
3:28 Unresolved 
reference: 
AppCompatActivity
e: file:///C:/Users/HP/
Documents/akiriapp/app/
src/main/java/com/examp
le/akiriapp/onboarding/
OnboardingActivity.kt:1
8:5 'onCreate' 
overrides nothing
e: file:///C:/Users/HP/
Documents/akiriapp/app/
src/main/java/com/examp
le/akiriapp/onboarding/
OnboardingActivity.kt:1
8:47 Unresolved 
reference: Bundle
e: file:///C:/Users/HP/
Documents/akiriapp/app/
src/main/java/com/examp
le/akiriapp/onboarding/
OnboardingActivity.kt:1
9:15 Unresolved 
reference: onCreate
e: file:///C:/Users/HP/
Documents/akiriapp/app/
src/main/java/com/examp
le/akiriapp/onboarding/
OnboardingActivity.kt:2
0:53 Unresolved 
reference: 
layoutInflater
e: file:///C:/Users/HP/
Documents/akiriapp/app/
src/main/java/com/examp
le/akiriapp/onboarding/
OnboardingActivity.kt:2
1:9 Unresolved 
reference: 
setContentView
e: file:///C:/Users/HP/
Documents/akiriapp/app/
src/main/java/com/examp
le/akiriapp/onboarding/
OnboardingActivity.kt:3
0:17 Unresolved 
reference: 
startActivity
e: file:///C:/Users/HP/
Documents/akiriapp/app/
src/main/java/com/examp
le/akiriapp/onboarding/
OnboardingActivity.kt:3
0:31 Unresolved 
reference: Intent
e: file:///C:/Users/HP/
Documents/akiriapp/app/
src/main/java/com/examp
le/akiriapp/onboarding/
OnboardingActivity.kt:3
1:17 Unresolved 
reference: finish
e: file:///C:/Users/HP/
Documents/akiriapp/app/
src/main/java/com/examp
le/akiriapp/onboarding/
OnboardingActivity.kt:6
8:33 Type mismatch: 
inferred type is 
OnboardingActivity but 
Context! was expected
e: file:///C:/Users/HP/
Documents/akiriapp/app/
src/main/java/com/examp
le/akiriapp/onboarding/
OnboardingActivity.kt:6
9:60 Type mismatch: 
inferred type is 
OnboardingActivity but 
Context was expected

FAILURE: Build failed 
with an exception.

* What went wrong:
Execution failed for 
task ':app:compileDebug
Kotlin'.
> A failure occurred 
while executing org.jet
brains.kotlin.compilerR
unner.GradleCompilerRun
nerWithWorkers$GradleKo
tlinCompilerWorkAction
   > Compilation 
error. See log for 
more details

* Try:
> Run with 
--stacktrace option to 
get the stack trace.
> Run with --info or 
--debug option to get 
more log output.
> Run with --scan to 
get full insights.
> Get more help at http
s://help.gradle.org.

BUILD FAILED in 7s
31 actionable tasks: 2 executed, 29 up-to-date
